<?xml version="1.0" encoding="UTF-8"?>
<!-- Generated by org.testng.reporters.JUnitXMLReporter -->
<testsuite ignored="0" hostname="Sharanyas-MBP.modem" failures="0" tests="4" name="Default test(failed)" time="8.394" errors="0" timestamp="2023-04-04T12:06:14 AEST">
  <testcase classname="ReqresTestngAPIs.HTTPRequests" name="createUser" time="5.078"/>
  <testcase classname="ReqresTestngAPIs.HTTPRequests" name="createUser" time="0.75"/>
  <testcase classname="ReqresTestngAPIs.HTTPRequests" name="createUser" time="0.725"/>
  <testcase classname="ReqresTestngAPIs.HTTPRequests" name="createUser" time="0.689"/>
</testsuite> <!-- Default test(failed) -->
