<?xml version="1.0" encoding="UTF-8"?>
<!-- Generated by org.testng.reporters.JUnitXMLReporter -->
<testsuite ignored="0" hostname="Sharanyas-MBP.modem" failures="0" tests="9" name="Test" time="9.206" errors="0" timestamp="14 Apr 2023 05:58:19 GMT">
  <testcase classname="ReqresTestngAPIs.HTTPRequests" name="createUser" time="3.575"/>
  <testcase classname="ReqresTestngAPIs.HTTPRequests" name="createUser" time="0.702"/>
  <testcase classname="ReqresTestngAPIs.HTTPRequests" name="createUser" time="0.68"/>
  <testcase classname="ReqresTestngAPIs.HTTPRequests" name="createUser" time="0.714"/>
  <testcase classname="StripeTwo.RetriveCustomers2" name="getAllCustomers" time="0.668"/>
  <testcase classname="StripeTwo.CreateCustomers2" name="CreateCustomers" time="0.461"/>
  <testcase classname="StripeAPIs.RetriveCustomers2" name="getAllCustomers" time="0.343"/>
  <testcase classname="StripeAPIs.CreateCustomers2" name="CreateCustomers" time="0.57"/>
  <testcase classname="ReqresTestngAPIs.HTTPRequests2" name="createUser" time="0.674"/>
</testsuite> <!-- Test -->
