<?xml version="1.0" encoding="UTF-8"?>
<!-- Generated by org.testng.reporters.JUnitXMLReporter -->
<testsuite ignored="0" hostname="Sharanyas-MBP.modem" failures="0" tests="9" name="Test" time="10.316" errors="0" timestamp="2023-04-11T16:42:36 AEST">
  <testcase classname="ReqresTestngAPIs.HTTPRequests2" name="createUser" time="3.422"/>
  <testcase classname="ReqresTestngAPIs.HTTPRequests" name="createUser" time="1.476"/>
  <testcase classname="ReqresTestngAPIs.HTTPRequests" name="createUser" time="0.719"/>
  <testcase classname="ReqresTestngAPIs.HTTPRequests" name="createUser" time="0.707"/>
  <testcase classname="ReqresTestngAPIs.HTTPRequests" name="createUser" time="0.711"/>
  <testcase classname="Utility.DataExtractor" name="CreateCustomer" time="0.704"/>
  <testcase classname="Utility.DataExtractor" name="CreateCustomer" time="0.594"/>
  <testcase classname="Utility.DataExtractor" name="CreateCustomer" time="0.545"/>
  <testcase classname="Utility.DataExtractor" name="CreateCustomer" time="0.573"/>
</testsuite> <!-- Test -->
