<?xml version="1.0" encoding="UTF-8"?>
<!-- Generated by org.testng.reporters.JUnitXMLReporter -->
<testsuite hostname="Sharanyas-MBP.modem" ignored="0" name="Test" tests="9" failures="0" timestamp="12 Apr 2023 12:06:45 GMT" time="12.445" errors="0">
  <testcase name="createUser" time="5.113" classname="ReqresTestngAPIs.HTTPRequests"/>
  <testcase name="createUser" time="0.941" classname="ReqresTestngAPIs.HTTPRequests"/>
  <testcase name="createUser" time="0.734" classname="ReqresTestngAPIs.HTTPRequests"/>
  <testcase name="createUser" time="0.752" classname="ReqresTestngAPIs.HTTPRequests"/>
  <testcase name="CreateCustomer" time="1.016" classname="Utility.DataExtractor"/>
  <testcase name="CreateCustomer" time="0.626" classname="Utility.DataExtractor"/>
  <testcase name="CreateCustomer" time="0.544" classname="Utility.DataExtractor"/>
  <testcase name="CreateCustomer" time="0.598" classname="Utility.DataExtractor"/>
  <testcase name="createUser" time="0.707" classname="ReqresTestngAPIs.HTTPRequests2"/>
</testsuite> <!-- Test -->
