<?xml version="1.0" encoding="UTF-8"?>
<!-- Generated by org.testng.reporters.JUnitXMLReporter -->
<testsuite hostname="Sharanyas-MBP.modem" ignored="0" name="Test" tests="9" failures="0" timestamp="12 Apr 2023 12:11:46 GMT" time="12.506" errors="0">
  <testcase name="createUser" time="5.117" classname="ReqresTestngAPIs.HTTPRequests"/>
  <testcase name="createUser" time="0.923" classname="ReqresTestngAPIs.HTTPRequests"/>
  <testcase name="createUser" time="0.799" classname="ReqresTestngAPIs.HTTPRequests"/>
  <testcase name="createUser" time="0.741" classname="ReqresTestngAPIs.HTTPRequests"/>
  <testcase name="CreateCustomer" time="0.915" classname="Utility.DataExtractor"/>
  <testcase name="CreateCustomer" time="0.527" classname="Utility.DataExtractor"/>
  <testcase name="CreateCustomer" time="0.51" classname="Utility.DataExtractor"/>
  <testcase name="CreateCustomer" time="0.464" classname="Utility.DataExtractor"/>
  <testcase name="createUser" time="0.694" classname="ReqresTestngAPIs.HTTPRequests2"/>
</testsuite> <!-- Test -->
