<?xml version="1.0" encoding="UTF-8"?>
<testng-results skipped="0" failed="0" ignored="0" total="9" passed="9">
  <reporter-output>
  </reporter-output>
  <suite name="Suite" duration-ms="12445" started-at="2023-04-12T12:06:33Z" finished-at="2023-04-12T12:06:45Z">
    <groups>
    </groups>
    <test name="Test" duration-ms="12445" started-at="2023-04-12T12:06:33Z" finished-at="2023-04-12T12:06:45Z">
      <class name="ReqresTestngAPIs.HTTPRequests">
        <test-method status="PASS" signature="createUser(java.lang.String, java.lang.String, java.lang.String)[pri:0, instance:ReqresTestngAPIs.HTTPRequests@1b68b9a4]" name="createUser" duration-ms="5113" started-at="2023-04-12T12:06:34Z" data-provider="dataExtractor" finished-at="2023-04-12T12:06:39Z">
          <params>
            <param index="0">
              <value>
                <![CDATA[paul]]>
              </value>
            </param>
            <param index="1">
              <value>
                <![CDATA[paul@test.com]]>
              </value>
            </param>
            <param index="2">
              <value>
                <![CDATA[This is a test data]]>
              </value>
            </param>
          </params>
          <reporter-output>
          </reporter-output>
        </test-method> <!-- createUser -->
        <test-method status="PASS" signature="createUser(java.lang.String, java.lang.String, java.lang.String)[pri:0, instance:ReqresTestngAPIs.HTTPRequests@1b68b9a4]" name="createUser" duration-ms="941" started-at="2023-04-12T12:06:39Z" data-provider="dataExtractor" finished-at="2023-04-12T12:06:40Z">
          <params>
            <param index="0">
              <value>
                <![CDATA[max]]>
              </value>
            </param>
            <param index="1">
              <value>
                <![CDATA[paul@test.com]]>
              </value>
            </param>
            <param index="2">
              <value>
                <![CDATA[This is a test data]]>
              </value>
            </param>
          </params>
          <reporter-output>
          </reporter-output>
        </test-method> <!-- createUser -->
        <test-method status="PASS" signature="createUser(java.lang.String, java.lang.String, java.lang.String)[pri:0, instance:ReqresTestngAPIs.HTTPRequests@1b68b9a4]" name="createUser" duration-ms="734" started-at="2023-04-12T12:06:40Z" data-provider="dataExtractor" finished-at="2023-04-12T12:06:41Z">
          <params>
            <param index="0">
              <value>
                <![CDATA[sorav]]>
              </value>
            </param>
            <param index="1">
              <value>
                <![CDATA[paul@test.com]]>
              </value>
            </param>
            <param index="2">
              <value>
                <![CDATA[This is a test data]]>
              </value>
            </param>
          </params>
          <reporter-output>
          </reporter-output>
        </test-method> <!-- createUser -->
        <test-method status="PASS" signature="createUser(java.lang.String, java.lang.String, java.lang.String)[pri:0, instance:ReqresTestngAPIs.HTTPRequests@1b68b9a4]" name="createUser" duration-ms="752" started-at="2023-04-12T12:06:41Z" data-provider="dataExtractor" finished-at="2023-04-12T12:06:42Z">
          <params>
            <param index="0">
              <value>
                <![CDATA[jhon]]>
              </value>
            </param>
            <param index="1">
              <value>
                <![CDATA[paul@test.com]]>
              </value>
            </param>
            <param index="2">
              <value>
                <![CDATA[This is a test data]]>
              </value>
            </param>
          </params>
          <reporter-output>
          </reporter-output>
        </test-method> <!-- createUser -->
      </class> <!-- ReqresTestngAPIs.HTTPRequests -->
      <class name="Utility.DataExtractor">
        <test-method status="PASS" signature="CreateCustomer(java.lang.String, java.lang.String, java.lang.String)[pri:0, instance:Utility.DataExtractor@4f9a3314]" name="CreateCustomer" duration-ms="1016" started-at="2023-04-12T12:06:42Z" data-provider="dataExtractor" finished-at="2023-04-12T12:06:43Z">
          <params>
            <param index="0">
              <value>
                <![CDATA[paul]]>
              </value>
            </param>
            <param index="1">
              <value>
                <![CDATA[paul@test.com]]>
              </value>
            </param>
            <param index="2">
              <value>
                <![CDATA[This is a test data]]>
              </value>
            </param>
          </params>
          <reporter-output>
          </reporter-output>
        </test-method> <!-- CreateCustomer -->
        <test-method status="PASS" signature="CreateCustomer(java.lang.String, java.lang.String, java.lang.String)[pri:0, instance:Utility.DataExtractor@4f9a3314]" name="CreateCustomer" duration-ms="626" started-at="2023-04-12T12:06:43Z" data-provider="dataExtractor" finished-at="2023-04-12T12:06:43Z">
          <params>
            <param index="0">
              <value>
                <![CDATA[max]]>
              </value>
            </param>
            <param index="1">
              <value>
                <![CDATA[paul@test.com]]>
              </value>
            </param>
            <param index="2">
              <value>
                <![CDATA[This is a test data]]>
              </value>
            </param>
          </params>
          <reporter-output>
          </reporter-output>
        </test-method> <!-- CreateCustomer -->
        <test-method status="PASS" signature="CreateCustomer(java.lang.String, java.lang.String, java.lang.String)[pri:0, instance:Utility.DataExtractor@4f9a3314]" name="CreateCustomer" duration-ms="544" started-at="2023-04-12T12:06:43Z" data-provider="dataExtractor" finished-at="2023-04-12T12:06:44Z">
          <params>
            <param index="0">
              <value>
                <![CDATA[sorav]]>
              </value>
            </param>
            <param index="1">
              <value>
                <![CDATA[paul@test.com]]>
              </value>
            </param>
            <param index="2">
              <value>
                <![CDATA[This is a test data]]>
              </value>
            </param>
          </params>
          <reporter-output>
          </reporter-output>
        </test-method> <!-- CreateCustomer -->
        <test-method status="PASS" signature="CreateCustomer(java.lang.String, java.lang.String, java.lang.String)[pri:0, instance:Utility.DataExtractor@4f9a3314]" name="CreateCustomer" duration-ms="598" started-at="2023-04-12T12:06:44Z" data-provider="dataExtractor" finished-at="2023-04-12T12:06:45Z">
          <params>
            <param index="0">
              <value>
                <![CDATA[jhon]]>
              </value>
            </param>
            <param index="1">
              <value>
                <![CDATA[paul@test.com]]>
              </value>
            </param>
            <param index="2">
              <value>
                <![CDATA[This is a test data]]>
              </value>
            </param>
          </params>
          <reporter-output>
          </reporter-output>
        </test-method> <!-- CreateCustomer -->
      </class> <!-- Utility.DataExtractor -->
      <class name="ReqresTestngAPIs.HTTPRequests2">
        <test-method status="PASS" signature="createUser()[pri:2, instance:ReqresTestngAPIs.HTTPRequests2@64d2d351]" name="createUser" duration-ms="707" started-at="2023-04-12T12:06:45Z" finished-at="2023-04-12T12:06:45Z">
          <reporter-output>
          </reporter-output>
        </test-method> <!-- createUser -->
      </class> <!-- ReqresTestngAPIs.HTTPRequests2 -->
    </test> <!-- Test -->
  </suite> <!-- Suite -->
</testng-results>
