<?xml version="1.0" encoding="UTF-8"?>
<testsuite xmlns:xsi="http://www.w3.org/2001/XMLSchema-instance" xsi:noNamespaceSchemaLocation="https://maven.apache.org/surefire/maven-surefire-plugin/xsd/surefire-test-report-3.0.xsd" version="3.0" name="TestSuite" time="13.636" tests="9" errors="0" skipped="0" failures="0">
  <properties>
[...]
</properties>
  <testcase name="createUser[paul, paul@test.com, This is a test data](1)" classname="ReqresTestngAPIs.HTTPRequests" time="5.124">
    <system-out><![CDATA[[TestNGContentHandler] [WARN] It is strongly recommended to add "<!DOCTYPE suite SYSTEM "http://testng.org/testng-1.0.dtd" >" at the top of your file, otherwise TestNG may fail or not work as expected.
Customer id is:545
]]></system-out>
    <system-err><![CDATA[ERROR StatusLogger Log4j2 could not find a logging implementation. Please add log4j-core to the classpath. Using SimpleLogger to log to the console...
]]></system-err>
  </testcase>
  <testcase name="createUser[max, paul@test.com, This is a test data](2)" classname="ReqresTestngAPIs.HTTPRequests" time="0.92">
    <system-out><![CDATA[Customer id is:464
]]></system-out>
  </testcase>
  <testcase name="createUser[sorav, paul@test.com, This is a test data](3)" classname="ReqresTestngAPIs.HTTPRequests" time="0.802">
    <system-out><![CDATA[Customer id is:923
]]></system-out>
  </testcase>
  <testcase name="createUser[jhon, paul@test.com, This is a test data](4)" classname="ReqresTestngAPIs.HTTPRequests" time="0.74">
    <system-out><![CDATA[Customer id is:908
]]></system-out>
  </testcase>
  <testcase name="CreateCustomer[paul, paul@test.com, This is a test data](1)" classname="Utility.DataExtractor" time="0.921"/>
  <testcase name="CreateCustomer[max, paul@test.com, This is a test data](2)" classname="Utility.DataExtractor" time="0.523"/>
  <testcase name="CreateCustomer[sorav, paul@test.com, This is a test data](3)" classname="Utility.DataExtractor" time="0.512"/>
  <testcase name="CreateCustomer[jhon, paul@test.com, This is a test data](4)" classname="Utility.DataExtractor" time="0.464"/>
  <testcase name="createUser" classname="ReqresTestngAPIs.HTTPRequests2" time="0.694">
    <system-out><![CDATA[io.restassured.internal.RestAssuredResponseImpl@340d6d89
]]></system-out>
  </testcase>
</testsuite>