<?xml version="1.0" encoding="UTF-8"?>
<testng-results ignored="0" total="9" passed="9" failed="0" skipped="0">
  <reporter-output>
  </reporter-output>
  <suite started-at="2023-04-11T19:40:58 AEST" name="Suite" finished-at="2023-04-11T19:41:08 AEST" duration-ms="10143">
    <groups>
    </groups>
    <test started-at="2023-04-11T19:40:58 AEST" name="Test" finished-at="2023-04-11T19:41:08 AEST" duration-ms="10143">
      <class name="ReqresTestngAPIs.HTTPRequests">
        <test-method signature="createUser(java.lang.String,java.lang.String,java.lang.String)[pri:0, instance:ReqresTestngAPIs.HTTPRequests@163e4e87]" started-at="2023-04-11T19:41:02 AEST" name="createUser" data-provider="dataExtractor" finished-at="2023-04-11T19:41:03 AEST" duration-ms="1474" status="PASS">
          <params>
            <param index="0">
              <value>
                <![CDATA[paul]]>
              </value>
            </param>
            <param index="1">
              <value>
                <![CDATA[paul@test.com]]>
              </value>
            </param>
            <param index="2">
              <value>
                <![CDATA[This is a test data]]>
              </value>
            </param>
          </params>
          <reporter-output>
          </reporter-output>
        </test-method> <!-- createUser -->
        <test-method signature="createUser(java.lang.String,java.lang.String,java.lang.String)[pri:0, instance:ReqresTestngAPIs.HTTPRequests@163e4e87]" started-at="2023-04-11T19:41:03 AEST" name="createUser" data-provider="dataExtractor" finished-at="2023-04-11T19:41:04 AEST" duration-ms="870" status="PASS">
          <params>
            <param index="0">
              <value>
                <![CDATA[max]]>
              </value>
            </param>
            <param index="1">
              <value>
                <![CDATA[paul@test.com]]>
              </value>
            </param>
            <param index="2">
              <value>
                <![CDATA[This is a test data]]>
              </value>
            </param>
          </params>
          <reporter-output>
          </reporter-output>
        </test-method> <!-- createUser -->
        <test-method signature="createUser(java.lang.String,java.lang.String,java.lang.String)[pri:0, instance:ReqresTestngAPIs.HTTPRequests@163e4e87]" started-at="2023-04-11T19:41:04 AEST" name="createUser" data-provider="dataExtractor" finished-at="2023-04-11T19:41:05 AEST" duration-ms="803" status="PASS">
          <params>
            <param index="0">
              <value>
                <![CDATA[sorav]]>
              </value>
            </param>
            <param index="1">
              <value>
                <![CDATA[paul@test.com]]>
              </value>
            </param>
            <param index="2">
              <value>
                <![CDATA[This is a test data]]>
              </value>
            </param>
          </params>
          <reporter-output>
          </reporter-output>
        </test-method> <!-- createUser -->
        <test-method signature="createUser(java.lang.String,java.lang.String,java.lang.String)[pri:0, instance:ReqresTestngAPIs.HTTPRequests@163e4e87]" started-at="2023-04-11T19:41:05 AEST" name="createUser" data-provider="dataExtractor" finished-at="2023-04-11T19:41:05 AEST" duration-ms="720" status="PASS">
          <params>
            <param index="0">
              <value>
                <![CDATA[jhon]]>
              </value>
            </param>
            <param index="1">
              <value>
                <![CDATA[paul@test.com]]>
              </value>
            </param>
            <param index="2">
              <value>
                <![CDATA[This is a test data]]>
              </value>
            </param>
          </params>
          <reporter-output>
          </reporter-output>
        </test-method> <!-- createUser -->
      </class> <!-- ReqresTestngAPIs.HTTPRequests -->
      <class name="Utility.DataExtractor">
        <test-method signature="CreateCustomer(java.lang.String,java.lang.String,java.lang.String)[pri:0, instance:Utility.DataExtractor@56de5251]" started-at="2023-04-11T19:41:06 AEST" name="CreateCustomer" data-provider="dataExtractor" finished-at="2023-04-11T19:41:06 AEST" duration-ms="605" status="PASS">
          <params>
            <param index="0">
              <value>
                <![CDATA[paul]]>
              </value>
            </param>
            <param index="1">
              <value>
                <![CDATA[paul@test.com]]>
              </value>
            </param>
            <param index="2">
              <value>
                <![CDATA[This is a test data]]>
              </value>
            </param>
          </params>
          <reporter-output>
          </reporter-output>
        </test-method> <!-- CreateCustomer -->
        <test-method signature="CreateCustomer(java.lang.String,java.lang.String,java.lang.String)[pri:0, instance:Utility.DataExtractor@56de5251]" started-at="2023-04-11T19:41:06 AEST" name="CreateCustomer" data-provider="dataExtractor" finished-at="2023-04-11T19:41:07 AEST" duration-ms="485" status="PASS">
          <params>
            <param index="0">
              <value>
                <![CDATA[max]]>
              </value>
            </param>
            <param index="1">
              <value>
                <![CDATA[paul@test.com]]>
              </value>
            </param>
            <param index="2">
              <value>
                <![CDATA[This is a test data]]>
              </value>
            </param>
          </params>
          <reporter-output>
          </reporter-output>
        </test-method> <!-- CreateCustomer -->
        <test-method signature="CreateCustomer(java.lang.String,java.lang.String,java.lang.String)[pri:0, instance:Utility.DataExtractor@56de5251]" started-at="2023-04-11T19:41:07 AEST" name="CreateCustomer" data-provider="dataExtractor" finished-at="2023-04-11T19:41:07 AEST" duration-ms="512" status="PASS">
          <params>
            <param index="0">
              <value>
                <![CDATA[sorav]]>
              </value>
            </param>
            <param index="1">
              <value>
                <![CDATA[paul@test.com]]>
              </value>
            </param>
            <param index="2">
              <value>
                <![CDATA[This is a test data]]>
              </value>
            </param>
          </params>
          <reporter-output>
          </reporter-output>
        </test-method> <!-- CreateCustomer -->
        <test-method signature="CreateCustomer(java.lang.String,java.lang.String,java.lang.String)[pri:0, instance:Utility.DataExtractor@56de5251]" started-at="2023-04-11T19:41:07 AEST" name="CreateCustomer" data-provider="dataExtractor" finished-at="2023-04-11T19:41:08 AEST" duration-ms="511" status="PASS">
          <params>
            <param index="0">
              <value>
                <![CDATA[jhon]]>
              </value>
            </param>
            <param index="1">
              <value>
                <![CDATA[paul@test.com]]>
              </value>
            </param>
            <param index="2">
              <value>
                <![CDATA[This is a test data]]>
              </value>
            </param>
          </params>
          <reporter-output>
          </reporter-output>
        </test-method> <!-- CreateCustomer -->
      </class> <!-- Utility.DataExtractor -->
      <class name="ReqresTestngAPIs.HTTPRequests2">
        <test-method signature="createUser()[pri:2, instance:ReqresTestngAPIs.HTTPRequests2@54c562f7]" started-at="2023-04-11T19:40:58 AEST" name="createUser" finished-at="2023-04-11T19:41:01 AEST" duration-ms="3316" status="PASS">
          <reporter-output>
          </reporter-output>
        </test-method> <!-- createUser -->
      </class> <!-- ReqresTestngAPIs.HTTPRequests2 -->
    </test> <!-- Test -->
  </suite> <!-- Suite -->
</testng-results>
