<?xml version="1.0" encoding="UTF-8"?>
<testsuite xmlns:xsi="http://www.w3.org/2001/XMLSchema-instance" xsi:noNamespaceSchemaLocation="https://maven.apache.org/surefire/maven-surefire-plugin/xsd/surefire-test-report-3.0.xsd" version="3.0" name="TestSuite" time="12.905" tests="13" errors="0" skipped="0" failures="0">
  <properties>
[...]
</properties>
  <testcase name="createUser[paul, paul@test.com, This is a test data](1)" classname="ReqresTestngAPIs.HTTPRequests" time="3.539">
    <system-out><![CDATA[[TestNGContentHandler] [WARN] It is strongly recommended to add "<!DOCTYPE suite SYSTEM "http://testng.org/testng-1.0.dtd" >" at the top of your file, otherwise TestNG may fail or not work as expected.
Customer id is:489
]]></system-out>
    <system-err><![CDATA[ERROR StatusLogger Log4j2 could not find a logging implementation. Please add log4j-core to the classpath. Using SimpleLogger to log to the console...
]]></system-err>
  </testcase>
  <testcase name="createUser[max, paul@test.com, This is a test data](2)" classname="ReqresTestngAPIs.HTTPRequests" time="0.713">
    <system-out><![CDATA[Customer id is:985
]]></system-out>
  </testcase>
  <testcase name="createUser[sorav, paul@test.com, This is a test data](3)" classname="ReqresTestngAPIs.HTTPRequests" time="0.693">
    <system-out><![CDATA[Customer id is:800
]]></system-out>
  </testcase>
  <testcase name="createUser[jhon, paul@test.com, This is a test data](4)" classname="ReqresTestngAPIs.HTTPRequests" time="0.751">
    <system-out><![CDATA[Customer id is:2
]]></system-out>
  </testcase>
  <testcase name="getAllCustomers" classname="StripeTwo.RetriveCustomers2" time="0.717">
    <system-out><![CDATA[HTTP/1.1 200 OK
Server: nginx
Date: Fri, 14 Apr 2023 05:50:59 GMT
Content-Type: application/json
Content-Length: 2150
Connection: keep-alive
Access-Control-Allow-Credentials: true
Access-Control-Allow-Methods: GET, POST, HEAD, OPTIONS, DELETE
Access-Control-Allow-Origin: *
Access-Control-Expose-Headers: Request-Id, Stripe-Manage-Version, X-Stripe-External-Auth-Required, X-Stripe-Privileged-Session-Required
Access-Control-Max-Age: 300
Cache-Control: no-cache, no-store
Request-Id: req_mDkyZ5Bn6Z5bpY
Stripe-Version: 2022-11-15
Strict-Transport-Security: max-age=63072000; includeSubDomains; preload

{
    "object": "list",
    "data": [
        {
            "id": "cus_Ni5YzzRLUk23jJ",
            "object": "customer",
            "address": {
                "city": null,
                "country": "Australia",
                "line1": null,
                "line2": null,
                "postal_code": null,
                "state": null
            },
            "balance": 0,
            "created": 1681450868,
            "currency": null,
            "default_source": null,
            "delinquent": false,
            "description": null,
            "discount": null,
            "email": null,
            "invoice_prefix": "F84AFFB7",
            "invoice_settings": {
                "custom_fields": [
                    {
                        "name": "Jhon",
                        "value": "1234"
                    }
                ],
                "default_payment_method": null,
                "footer": "This is footer",
                "rendering_options": null
            },
            "livemode": false,
            "metadata": {
                
            },
            "name": "Priya",
            "next_invoice_sequence": 1,
            "phone": null,
            "preferred_locales": [
                "telugu",
                "english"
            ],
            "shipping": null,
            "tax_exempt": "none",
            "test_clock": null
        },
        {
            "id": "cus_Ni5XOiLlLAHqHf",
            "object": "customer",
            "address": {
                "city": null,
                "country": "Australia",
                "line1": null,
                "line2": null,
                "postal_code": null,
                "state": null
            },
            "balance": 0,
            "created": 1681450765,
            "currency": null,
            "default_source": null,
            "delinquent": false,
            "description": null,
            "discount": null,
            "email": null,
            "invoice_prefix": "7A592C15",
            "invoice_settings": {
                "custom_fields": [
                    {
                        "name": "Jhon",
                        "value": "1234"
                    }
                ],
                "default_payment_method": null,
                "footer": "This is footer",
                "rendering_options": null
            },
            "livemode": false,
            "metadata": {
                
            },
            "name": "Priya",
            "next_invoice_sequence": 1,
            "phone": null,
            "preferred_locales": [
                "telugu",
                "english"
            ],
            "shipping": null,
            "tax_exempt": "none",
            "test_clock": null
        }
    ],
    "has_more": true,
    "url": "/v1/customers"
}
]]></system-out>
  </testcase>
  <testcase name="CreateCustomer[paul, paul@test.com, This is a test data](1)" classname="Utility.DataExtractor" time="0.505"/>
  <testcase name="CreateCustomer[max, paul@test.com, This is a test data](2)" classname="Utility.DataExtractor" time="0.407"/>
  <testcase name="CreateCustomer[sorav, paul@test.com, This is a test data](3)" classname="Utility.DataExtractor" time="0.619"/>
  <testcase name="CreateCustomer[jhon, paul@test.com, This is a test data](4)" classname="Utility.DataExtractor" time="0.421"/>
  <testcase name="CreateCustomers" classname="StripeAPIs.CreateCustomers2" time="0.905">
    <system-out><![CDATA[cus_Ni5iiwdXk9jjN0
]]></system-out>
  </testcase>
  <testcase name="CreateCustomers" classname="StripeTwo.CreateCustomers2" time="0.679">
    <system-out><![CDATA[cus_Ni5ibJrz3td01e
]]></system-out>
  </testcase>
  <testcase name="getAllCustomers" classname="StripeAPIs.RetriveCustomers2" time="0.353">
    <system-out><![CDATA[HTTP/1.1 200 OK
Server: nginx
Date: Fri, 14 Apr 2023 05:51:03 GMT
Content-Type: application/json
Content-Length: 2150
Connection: keep-alive
Access-Control-Allow-Credentials: true
Access-Control-Allow-Methods: GET, POST, HEAD, OPTIONS, DELETE
Access-Control-Allow-Origin: *
Access-Control-Expose-Headers: Request-Id, Stripe-Manage-Version, X-Stripe-External-Auth-Required, X-Stripe-Privileged-Session-Required
Access-Control-Max-Age: 300
Cache-Control: no-cache, no-store
Request-Id: req_qjR0at7Ovzm0yI
Stripe-Version: 2022-11-15
Strict-Transport-Security: max-age=63072000; includeSubDomains; preload

{
    "object": "list",
    "data": [
        {
            "id": "cus_Ni5ibJrz3td01e",
            "object": "customer",
            "address": {
                "city": null,
                "country": "Australia",
                "line1": null,
                "line2": null,
                "postal_code": null,
                "state": null
            },
            "balance": 0,
            "created": 1681451463,
            "currency": null,
            "default_source": null,
            "delinquent": false,
            "description": null,
            "discount": null,
            "email": null,
            "invoice_prefix": "D72262DC",
            "invoice_settings": {
                "custom_fields": [
                    {
                        "name": "Jhon",
                        "value": "1234"
                    }
                ],
                "default_payment_method": null,
                "footer": "This is footer",
                "rendering_options": null
            },
            "livemode": false,
            "metadata": {
                
            },
            "name": "Priya",
            "next_invoice_sequence": 1,
            "phone": null,
            "preferred_locales": [
                "telugu",
                "english"
            ],
            "shipping": null,
            "tax_exempt": "none",
            "test_clock": null
        },
        {
            "id": "cus_Ni5iiwdXk9jjN0",
            "object": "customer",
            "address": {
                "city": null,
                "country": "Australia",
                "line1": null,
                "line2": null,
                "postal_code": null,
                "state": null
            },
            "balance": 0,
            "created": 1681451462,
            "currency": null,
            "default_source": null,
            "delinquent": false,
            "description": null,
            "discount": null,
            "email": null,
            "invoice_prefix": "E8EBF8E2",
            "invoice_settings": {
                "custom_fields": [
                    {
                        "name": "Jhon",
                        "value": "1234"
                    }
                ],
                "default_payment_method": null,
                "footer": "This is footer",
                "rendering_options": null
            },
            "livemode": false,
            "metadata": {
                
            },
            "name": "Priya",
            "next_invoice_sequence": 1,
            "phone": null,
            "preferred_locales": [
                "telugu",
                "english"
            ],
            "shipping": null,
            "tax_exempt": "none",
            "test_clock": null
        }
    ],
    "has_more": true,
    "url": "/v1/customers"
}
]]></system-out>
  </testcase>
  <testcase name="createUser" classname="ReqresTestngAPIs.HTTPRequests2" time="0.705">
    <system-out><![CDATA[io.restassured.internal.RestAssuredResponseImpl@7bda01da
]]></system-out>
  </testcase>
</testsuite>